<?xml version="1.0" encoding="UTF-8"?>
<testsuite xmlns:xsi="http://www.w3.org/2001/XMLSchema-instance" xsi:noNamespaceSchemaLocation="https://maven.apache.org/surefire/maven-surefire-plugin/xsd/surefire-test-report-3.0.xsd" version="3.0" name="cia.northboat.authsim.AuthApplicationTests" time="0.218" tests="1" errors="1" skipped="0" failures="0">
  <properties>
    <property name="java.specification.version" value="17"/>
    <property name="sun.cpu.isalist" value="amd64"/>
    <property name="sun.jnu.encoding" value="GBK"/>
    <property name="java.class.path" value="E:\File\XDU\项目\认证\Auth-Sim-Platform\target\test-classes;E:\File\XDU\项目\认证\Auth-Sim-Platform\target\classes;D:\Env\apache-maven-3.9.1\repo\org\springframework\boot\spring-boot-starter-security\3.0.2\spring-boot-starter-security-3.0.2.jar;D:\Env\apache-maven-3.9.1\repo\org\springframework\boot\spring-boot-starter\3.0.2\spring-boot-starter-3.0.2.jar;D:\Env\apache-maven-3.9.1\repo\org\springframework\boot\spring-boot\3.0.2\spring-boot-3.0.2.jar;D:\Env\apache-maven-3.9.1\repo\org\springframework\boot\spring-boot-autoconfigure\3.0.2\spring-boot-autoconfigure-3.0.2.jar;D:\Env\apache-maven-3.9.1\repo\org\springframework\boot\spring-boot-starter-logging\3.0.2\spring-boot-starter-logging-3.0.2.jar;D:\Env\apache-maven-3.9.1\repo\ch\qos\logback\logback-classic\1.4.5\logback-classic-1.4.5.jar;D:\Env\apache-maven-3.9.1\repo\ch\qos\logback\logback-core\1.4.5\logback-core-1.4.5.jar;D:\Env\apache-maven-3.9.1\repo\org\apache\logging\log4j\log4j-to-slf4j\2.19.0\log4j-to-slf4j-2.19.0.jar;D:\Env\apache-maven-3.9.1\repo\org\apache\logging\log4j\log4j-api\2.19.0\log4j-api-2.19.0.jar;D:\Env\apache-maven-3.9.1\repo\org\slf4j\jul-to-slf4j\2.0.6\jul-to-slf4j-2.0.6.jar;D:\Env\apache-maven-3.9.1\repo\jakarta\annotation\jakarta.annotation-api\2.1.1\jakarta.annotation-api-2.1.1.jar;D:\Env\apache-maven-3.9.1\repo\org\yaml\snakeyaml\1.33\snakeyaml-1.33.jar;D:\Env\apache-maven-3.9.1\repo\org\springframework\spring-aop\6.0.4\spring-aop-6.0.4.jar;D:\Env\apache-maven-3.9.1\repo\org\springframework\spring-beans\6.0.4\spring-beans-6.0.4.jar;D:\Env\apache-maven-3.9.1\repo\org\springframework\security\spring-security-config\6.0.1\spring-security-config-6.0.1.jar;D:\Env\apache-maven-3.9.1\repo\org\springframework\security\spring-security-core\6.0.1\spring-security-core-6.0.1.jar;D:\Env\apache-maven-3.9.1\repo\org\springframework\security\spring-security-crypto\6.0.1\spring-security-crypto-6.0.1.jar;D:\Env\apache-maven-3.9.1\repo\org\springframework\spring-context\6.0.4\spring-context-6.0.4.jar;D:\Env\apache-maven-3.9.1\repo\org\springframework\security\spring-security-web\6.0.1\spring-security-web-6.0.1.jar;D:\Env\apache-maven-3.9.1\repo\org\springframework\spring-expression\6.0.4\spring-expression-6.0.4.jar;D:\Env\apache-maven-3.9.1\repo\org\springframework\boot\spring-boot-starter-data-redis\3.0.2\spring-boot-starter-data-redis-3.0.2.jar;D:\Env\apache-maven-3.9.1\repo\org\springframework\data\spring-data-redis\3.0.1\spring-data-redis-3.0.1.jar;D:\Env\apache-maven-3.9.1\repo\org\springframework\data\spring-data-keyvalue\3.0.1\spring-data-keyvalue-3.0.1.jar;D:\Env\apache-maven-3.9.1\repo\org\springframework\spring-tx\6.0.4\spring-tx-6.0.4.jar;D:\Env\apache-maven-3.9.1\repo\org\springframework\spring-oxm\6.0.4\spring-oxm-6.0.4.jar;D:\Env\apache-maven-3.9.1\repo\org\springframework\spring-context-support\6.0.4\spring-context-support-6.0.4.jar;D:\Env\apache-maven-3.9.1\repo\org\slf4j\slf4j-api\2.0.6\slf4j-api-2.0.6.jar;D:\Env\apache-maven-3.9.1\repo\io\lettuce\lettuce-core\6.2.2.RELEASE\lettuce-core-6.2.2.RELEASE.jar;D:\Env\apache-maven-3.9.1\repo\io\netty\netty-common\4.1.87.Final\netty-common-4.1.87.Final.jar;D:\Env\apache-maven-3.9.1\repo\io\netty\netty-handler\4.1.87.Final\netty-handler-4.1.87.Final.jar;D:\Env\apache-maven-3.9.1\repo\io\netty\netty-resolver\4.1.87.Final\netty-resolver-4.1.87.Final.jar;D:\Env\apache-maven-3.9.1\repo\io\netty\netty-buffer\4.1.87.Final\netty-buffer-4.1.87.Final.jar;D:\Env\apache-maven-3.9.1\repo\io\netty\netty-transport-native-unix-common\4.1.87.Final\netty-transport-native-unix-common-4.1.87.Final.jar;D:\Env\apache-maven-3.9.1\repo\io\netty\netty-codec\4.1.87.Final\netty-codec-4.1.87.Final.jar;D:\Env\apache-maven-3.9.1\repo\io\netty\netty-transport\4.1.87.Final\netty-transport-4.1.87.Final.jar;D:\Env\apache-maven-3.9.1\repo\io\projectreactor\reactor-core\3.5.2\reactor-core-3.5.2.jar;D:\Env\apache-maven-3.9.1\repo\org\reactivestreams\reactive-streams\1.0.4\reactive-streams-1.0.4.jar;D:\Env\apache-maven-3.9.1\repo\org\springframework\boot\spring-boot-starter-thymeleaf\3.0.2\spring-boot-starter-thymeleaf-3.0.2.jar;D:\Env\apache-maven-3.9.1\repo\org\thymeleaf\thymeleaf-spring6\3.1.1.RELEASE\thymeleaf-spring6-3.1.1.RELEASE.jar;D:\Env\apache-maven-3.9.1\repo\org\thymeleaf\thymeleaf\3.1.1.RELEASE\thymeleaf-3.1.1.RELEASE.jar;D:\Env\apache-maven-3.9.1\repo\org\attoparser\attoparser\2.0.6.RELEASE\attoparser-2.0.6.RELEASE.jar;D:\Env\apache-maven-3.9.1\repo\org\unbescape\unbescape\1.1.6.RELEASE\unbescape-1.1.6.RELEASE.jar;D:\Env\apache-maven-3.9.1\repo\org\springframework\boot\spring-boot-starter-web\3.0.2\spring-boot-starter-web-3.0.2.jar;D:\Env\apache-maven-3.9.1\repo\org\springframework\boot\spring-boot-starter-json\3.0.2\spring-boot-starter-json-3.0.2.jar;D:\Env\apache-maven-3.9.1\repo\com\fasterxml\jackson\core\jackson-databind\2.14.1\jackson-databind-2.14.1.jar;D:\Env\apache-maven-3.9.1\repo\com\fasterxml\jackson\core\jackson-annotations\2.14.1\jackson-annotations-2.14.1.jar;D:\Env\apache-maven-3.9.1\repo\com\fasterxml\jackson\core\jackson-core\2.14.1\jackson-core-2.14.1.jar;D:\Env\apache-maven-3.9.1\repo\com\fasterxml\jackson\datatype\jackson-datatype-jdk8\2.14.1\jackson-datatype-jdk8-2.14.1.jar;D:\Env\apache-maven-3.9.1\repo\com\fasterxml\jackson\datatype\jackson-datatype-jsr310\2.14.1\jackson-datatype-jsr310-2.14.1.jar;D:\Env\apache-maven-3.9.1\repo\com\fasterxml\jackson\module\jackson-module-parameter-names\2.14.1\jackson-module-parameter-names-2.14.1.jar;D:\Env\apache-maven-3.9.1\repo\org\springframework\boot\spring-boot-starter-tomcat\3.0.2\spring-boot-starter-tomcat-3.0.2.jar;D:\Env\apache-maven-3.9.1\repo\org\apache\tomcat\embed\tomcat-embed-core\10.1.5\tomcat-embed-core-10.1.5.jar;D:\Env\apache-maven-3.9.1\repo\org\apache\tomcat\embed\tomcat-embed-el\10.1.5\tomcat-embed-el-10.1.5.jar;D:\Env\apache-maven-3.9.1\repo\org\apache\tomcat\embed\tomcat-embed-websocket\10.1.5\tomcat-embed-websocket-10.1.5.jar;D:\Env\apache-maven-3.9.1\repo\org\springframework\spring-web\6.0.4\spring-web-6.0.4.jar;D:\Env\apache-maven-3.9.1\repo\io\micrometer\micrometer-observation\1.10.3\micrometer-observation-1.10.3.jar;D:\Env\apache-maven-3.9.1\repo\io\micrometer\micrometer-commons\1.10.3\micrometer-commons-1.10.3.jar;D:\Env\apache-maven-3.9.1\repo\org\springframework\spring-webmvc\6.0.4\spring-webmvc-6.0.4.jar;D:\Env\apache-maven-3.9.1\repo\org\springframework\boot\spring-boot-starter-data-jpa\3.0.2\spring-boot-starter-data-jpa-3.0.2.jar;D:\Env\apache-maven-3.9.1\repo\org\springframework\boot\spring-boot-starter-aop\3.0.2\spring-boot-starter-aop-3.0.2.jar;D:\Env\apache-maven-3.9.1\repo\org\aspectj\aspectjweaver\1.9.19\aspectjweaver-1.9.19.jar;D:\Env\apache-maven-3.9.1\repo\org\springframework\boot\spring-boot-starter-jdbc\3.0.2\spring-boot-starter-jdbc-3.0.2.jar;D:\Env\apache-maven-3.9.1\repo\com\zaxxer\HikariCP\5.0.1\HikariCP-5.0.1.jar;D:\Env\apache-maven-3.9.1\repo\org\springframework\spring-jdbc\6.0.4\spring-jdbc-6.0.4.jar;D:\Env\apache-maven-3.9.1\repo\org\hibernate\orm\hibernate-core\6.1.6.Final\hibernate-core-6.1.6.Final.jar;D:\Env\apache-maven-3.9.1\repo\jakarta\persistence\jakarta.persistence-api\3.1.0\jakarta.persistence-api-3.1.0.jar;D:\Env\apache-maven-3.9.1\repo\jakarta\transaction\jakarta.transaction-api\2.0.1\jakarta.transaction-api-2.0.1.jar;D:\Env\apache-maven-3.9.1\repo\org\jboss\logging\jboss-logging\3.5.0.Final\jboss-logging-3.5.0.Final.jar;D:\Env\apache-maven-3.9.1\repo\org\hibernate\common\hibernate-commons-annotations\6.0.2.Final\hibernate-commons-annotations-6.0.2.Final.jar;D:\Env\apache-maven-3.9.1\repo\org\jboss\jandex\2.4.2.Final\jandex-2.4.2.Final.jar;D:\Env\apache-maven-3.9.1\repo\com\fasterxml\classmate\1.5.1\classmate-1.5.1.jar;D:\Env\apache-maven-3.9.1\repo\net\bytebuddy\byte-buddy\1.12.22\byte-buddy-1.12.22.jar;D:\Env\apache-maven-3.9.1\repo\org\glassfish\jaxb\jaxb-runtime\4.0.1\jaxb-runtime-4.0.1.jar;D:\Env\apache-maven-3.9.1\repo\org\glassfish\jaxb\jaxb-core\4.0.1\jaxb-core-4.0.1.jar;D:\Env\apache-maven-3.9.1\repo\org\eclipse\angus\angus-activation\1.0.0\angus-activation-1.0.0.jar;D:\Env\apache-maven-3.9.1\repo\org\glassfish\jaxb\txw2\4.0.1\txw2-4.0.1.jar;D:\Env\apache-maven-3.9.1\repo\com\sun\istack\istack-commons-runtime\4.1.1\istack-commons-runtime-4.1.1.jar;D:\Env\apache-maven-3.9.1\repo\jakarta\inject\jakarta.inject-api\2.0.0\jakarta.inject-api-2.0.0.jar;D:\Env\apache-maven-3.9.1\repo\org\antlr\antlr4-runtime\4.10.1\antlr4-runtime-4.10.1.jar;D:\Env\apache-maven-3.9.1\repo\org\springframework\data\spring-data-jpa\3.0.1\spring-data-jpa-3.0.1.jar;D:\Env\apache-maven-3.9.1\repo\org\springframework\data\spring-data-commons\3.0.1\spring-data-commons-3.0.1.jar;D:\Env\apache-maven-3.9.1\repo\org\springframework\spring-orm\6.0.4\spring-orm-6.0.4.jar;D:\Env\apache-maven-3.9.1\repo\org\springframework\spring-aspects\6.0.4\spring-aspects-6.0.4.jar;D:\Env\apache-maven-3.9.1\repo\com\mysql\mysql-connector-j\8.0.32\mysql-connector-j-8.0.32.jar;D:\Env\apache-maven-3.9.1\repo\org\projectlombok\lombok\1.18.24\lombok-1.18.24.jar;D:\Env\apache-maven-3.9.1\repo\org\springframework\boot\spring-boot-starter-test\3.0.2\spring-boot-starter-test-3.0.2.jar;D:\Env\apache-maven-3.9.1\repo\org\springframework\boot\spring-boot-test\3.0.2\spring-boot-test-3.0.2.jar;D:\Env\apache-maven-3.9.1\repo\org\springframework\boot\spring-boot-test-autoconfigure\3.0.2\spring-boot-test-autoconfigure-3.0.2.jar;D:\Env\apache-maven-3.9.1\repo\com\jayway\jsonpath\json-path\2.7.0\json-path-2.7.0.jar;D:\Env\apache-maven-3.9.1\repo\net\minidev\json-smart\2.4.8\json-smart-2.4.8.jar;D:\Env\apache-maven-3.9.1\repo\net\minidev\accessors-smart\2.4.8\accessors-smart-2.4.8.jar;D:\Env\apache-maven-3.9.1\repo\org\ow2\asm\asm\9.1\asm-9.1.jar;D:\Env\apache-maven-3.9.1\repo\jakarta\xml\bind\jakarta.xml.bind-api\4.0.0\jakarta.xml.bind-api-4.0.0.jar;D:\Env\apache-maven-3.9.1\repo\jakarta\activation\jakarta.activation-api\2.1.1\jakarta.activation-api-2.1.1.jar;D:\Env\apache-maven-3.9.1\repo\org\assertj\assertj-core\3.23.1\assertj-core-3.23.1.jar;D:\Env\apache-maven-3.9.1\repo\org\hamcrest\hamcrest\2.2\hamcrest-2.2.jar;D:\Env\apache-maven-3.9.1\repo\org\junit\jupiter\junit-jupiter\5.9.2\junit-jupiter-5.9.2.jar;D:\Env\apache-maven-3.9.1\repo\org\junit\jupiter\junit-jupiter-api\5.9.2\junit-jupiter-api-5.9.2.jar;D:\Env\apache-maven-3.9.1\repo\org\opentest4j\opentest4j\1.2.0\opentest4j-1.2.0.jar;D:\Env\apache-maven-3.9.1\repo\org\junit\platform\junit-platform-commons\1.9.2\junit-platform-commons-1.9.2.jar;D:\Env\apache-maven-3.9.1\repo\org\apiguardian\apiguardian-api\1.1.2\apiguardian-api-1.1.2.jar;D:\Env\apache-maven-3.9.1\repo\org\junit\jupiter\junit-jupiter-params\5.9.2\junit-jupiter-params-5.9.2.jar;D:\Env\apache-maven-3.9.1\repo\org\junit\jupiter\junit-jupiter-engine\5.9.2\junit-jupiter-engine-5.9.2.jar;D:\Env\apache-maven-3.9.1\repo\org\junit\platform\junit-platform-engine\1.9.2\junit-platform-engine-1.9.2.jar;D:\Env\apache-maven-3.9.1\repo\org\mockito\mockito-core\4.8.1\mockito-core-4.8.1.jar;D:\Env\apache-maven-3.9.1\repo\net\bytebuddy\byte-buddy-agent\1.12.22\byte-buddy-agent-1.12.22.jar;D:\Env\apache-maven-3.9.1\repo\org\objenesis\objenesis\3.2\objenesis-3.2.jar;D:\Env\apache-maven-3.9.1\repo\org\mockito\mockito-junit-jupiter\4.8.1\mockito-junit-jupiter-4.8.1.jar;D:\Env\apache-maven-3.9.1\repo\org\skyscreamer\jsonassert\1.5.1\jsonassert-1.5.1.jar;D:\Env\apache-maven-3.9.1\repo\com\vaadin\external\google\android-json\0.0.20131108.vaadin1\android-json-0.0.20131108.vaadin1.jar;D:\Env\apache-maven-3.9.1\repo\org\springframework\spring-core\6.0.4\spring-core-6.0.4.jar;D:\Env\apache-maven-3.9.1\repo\org\springframework\spring-jcl\6.0.4\spring-jcl-6.0.4.jar;D:\Env\apache-maven-3.9.1\repo\org\springframework\spring-test\6.0.4\spring-test-6.0.4.jar;D:\Env\apache-maven-3.9.1\repo\org\xmlunit\xmlunit-core\2.9.1\xmlunit-core-2.9.1.jar;"/>
    <property name="java.vm.vendor" value="Oracle Corporation"/>
    <property name="sun.arch.data.model" value="64"/>
    <property name="user.variant" value=""/>
    <property name="java.vendor.url" value="https://java.oracle.com/"/>
    <property name="user.timezone" value="Asia/Shanghai"/>
    <property name="os.name" value="Windows 10"/>
    <property name="java.vm.specification.version" value="17"/>
    <property name="sun.java.launcher" value="SUN_STANDARD"/>
    <property name="user.country" value="CN"/>
    <property name="sun.boot.library.path" value="D:\Env\java\jdk17\bin"/>
    <property name="sun.java.command" value="C:\Users\northboat\AppData\Local\Temp\surefire15609103098947436401\surefirebooter-20241114121000460_3.jar C:\Users\northboat\AppData\Local\Temp\surefire15609103098947436401 2024-11-14T12-10-00_321-jvmRun1 surefire-20241114121000460_1tmp surefire_0-20241114121000460_2tmp"/>
    <property name="jdk.debug" value="release"/>
    <property name="surefire.test.class.path" value="E:\File\XDU\项目\认证\Auth-Sim-Platform\target\test-classes;E:\File\XDU\项目\认证\Auth-Sim-Platform\target\classes;D:\Env\apache-maven-3.9.1\repo\org\springframework\boot\spring-boot-starter-security\3.0.2\spring-boot-starter-security-3.0.2.jar;D:\Env\apache-maven-3.9.1\repo\org\springframework\boot\spring-boot-starter\3.0.2\spring-boot-starter-3.0.2.jar;D:\Env\apache-maven-3.9.1\repo\org\springframework\boot\spring-boot\3.0.2\spring-boot-3.0.2.jar;D:\Env\apache-maven-3.9.1\repo\org\springframework\boot\spring-boot-autoconfigure\3.0.2\spring-boot-autoconfigure-3.0.2.jar;D:\Env\apache-maven-3.9.1\repo\org\springframework\boot\spring-boot-starter-logging\3.0.2\spring-boot-starter-logging-3.0.2.jar;D:\Env\apache-maven-3.9.1\repo\ch\qos\logback\logback-classic\1.4.5\logback-classic-1.4.5.jar;D:\Env\apache-maven-3.9.1\repo\ch\qos\logback\logback-core\1.4.5\logback-core-1.4.5.jar;D:\Env\apache-maven-3.9.1\repo\org\apache\logging\log4j\log4j-to-slf4j\2.19.0\log4j-to-slf4j-2.19.0.jar;D:\Env\apache-maven-3.9.1\repo\org\apache\logging\log4j\log4j-api\2.19.0\log4j-api-2.19.0.jar;D:\Env\apache-maven-3.9.1\repo\org\slf4j\jul-to-slf4j\2.0.6\jul-to-slf4j-2.0.6.jar;D:\Env\apache-maven-3.9.1\repo\jakarta\annotation\jakarta.annotation-api\2.1.1\jakarta.annotation-api-2.1.1.jar;D:\Env\apache-maven-3.9.1\repo\org\yaml\snakeyaml\1.33\snakeyaml-1.33.jar;D:\Env\apache-maven-3.9.1\repo\org\springframework\spring-aop\6.0.4\spring-aop-6.0.4.jar;D:\Env\apache-maven-3.9.1\repo\org\springframework\spring-beans\6.0.4\spring-beans-6.0.4.jar;D:\Env\apache-maven-3.9.1\repo\org\springframework\security\spring-security-config\6.0.1\spring-security-config-6.0.1.jar;D:\Env\apache-maven-3.9.1\repo\org\springframework\security\spring-security-core\6.0.1\spring-security-core-6.0.1.jar;D:\Env\apache-maven-3.9.1\repo\org\springframework\security\spring-security-crypto\6.0.1\spring-security-crypto-6.0.1.jar;D:\Env\apache-maven-3.9.1\repo\org\springframework\spring-context\6.0.4\spring-context-6.0.4.jar;D:\Env\apache-maven-3.9.1\repo\org\springframework\security\spring-security-web\6.0.1\spring-security-web-6.0.1.jar;D:\Env\apache-maven-3.9.1\repo\org\springframework\spring-expression\6.0.4\spring-expression-6.0.4.jar;D:\Env\apache-maven-3.9.1\repo\org\springframework\boot\spring-boot-starter-data-redis\3.0.2\spring-boot-starter-data-redis-3.0.2.jar;D:\Env\apache-maven-3.9.1\repo\org\springframework\data\spring-data-redis\3.0.1\spring-data-redis-3.0.1.jar;D:\Env\apache-maven-3.9.1\repo\org\springframework\data\spring-data-keyvalue\3.0.1\spring-data-keyvalue-3.0.1.jar;D:\Env\apache-maven-3.9.1\repo\org\springframework\spring-tx\6.0.4\spring-tx-6.0.4.jar;D:\Env\apache-maven-3.9.1\repo\org\springframework\spring-oxm\6.0.4\spring-oxm-6.0.4.jar;D:\Env\apache-maven-3.9.1\repo\org\springframework\spring-context-support\6.0.4\spring-context-support-6.0.4.jar;D:\Env\apache-maven-3.9.1\repo\org\slf4j\slf4j-api\2.0.6\slf4j-api-2.0.6.jar;D:\Env\apache-maven-3.9.1\repo\io\lettuce\lettuce-core\6.2.2.RELEASE\lettuce-core-6.2.2.RELEASE.jar;D:\Env\apache-maven-3.9.1\repo\io\netty\netty-common\4.1.87.Final\netty-common-4.1.87.Final.jar;D:\Env\apache-maven-3.9.1\repo\io\netty\netty-handler\4.1.87.Final\netty-handler-4.1.87.Final.jar;D:\Env\apache-maven-3.9.1\repo\io\netty\netty-resolver\4.1.87.Final\netty-resolver-4.1.87.Final.jar;D:\Env\apache-maven-3.9.1\repo\io\netty\netty-buffer\4.1.87.Final\netty-buffer-4.1.87.Final.jar;D:\Env\apache-maven-3.9.1\repo\io\netty\netty-transport-native-unix-common\4.1.87.Final\netty-transport-native-unix-common-4.1.87.Final.jar;D:\Env\apache-maven-3.9.1\repo\io\netty\netty-codec\4.1.87.Final\netty-codec-4.1.87.Final.jar;D:\Env\apache-maven-3.9.1\repo\io\netty\netty-transport\4.1.87.Final\netty-transport-4.1.87.Final.jar;D:\Env\apache-maven-3.9.1\repo\io\projectreactor\reactor-core\3.5.2\reactor-core-3.5.2.jar;D:\Env\apache-maven-3.9.1\repo\org\reactivestreams\reactive-streams\1.0.4\reactive-streams-1.0.4.jar;D:\Env\apache-maven-3.9.1\repo\org\springframework\boot\spring-boot-starter-thymeleaf\3.0.2\spring-boot-starter-thymeleaf-3.0.2.jar;D:\Env\apache-maven-3.9.1\repo\org\thymeleaf\thymeleaf-spring6\3.1.1.RELEASE\thymeleaf-spring6-3.1.1.RELEASE.jar;D:\Env\apache-maven-3.9.1\repo\org\thymeleaf\thymeleaf\3.1.1.RELEASE\thymeleaf-3.1.1.RELEASE.jar;D:\Env\apache-maven-3.9.1\repo\org\attoparser\attoparser\2.0.6.RELEASE\attoparser-2.0.6.RELEASE.jar;D:\Env\apache-maven-3.9.1\repo\org\unbescape\unbescape\1.1.6.RELEASE\unbescape-1.1.6.RELEASE.jar;D:\Env\apache-maven-3.9.1\repo\org\springframework\boot\spring-boot-starter-web\3.0.2\spring-boot-starter-web-3.0.2.jar;D:\Env\apache-maven-3.9.1\repo\org\springframework\boot\spring-boot-starter-json\3.0.2\spring-boot-starter-json-3.0.2.jar;D:\Env\apache-maven-3.9.1\repo\com\fasterxml\jackson\core\jackson-databind\2.14.1\jackson-databind-2.14.1.jar;D:\Env\apache-maven-3.9.1\repo\com\fasterxml\jackson\core\jackson-annotations\2.14.1\jackson-annotations-2.14.1.jar;D:\Env\apache-maven-3.9.1\repo\com\fasterxml\jackson\core\jackson-core\2.14.1\jackson-core-2.14.1.jar;D:\Env\apache-maven-3.9.1\repo\com\fasterxml\jackson\datatype\jackson-datatype-jdk8\2.14.1\jackson-datatype-jdk8-2.14.1.jar;D:\Env\apache-maven-3.9.1\repo\com\fasterxml\jackson\datatype\jackson-datatype-jsr310\2.14.1\jackson-datatype-jsr310-2.14.1.jar;D:\Env\apache-maven-3.9.1\repo\com\fasterxml\jackson\module\jackson-module-parameter-names\2.14.1\jackson-module-parameter-names-2.14.1.jar;D:\Env\apache-maven-3.9.1\repo\org\springframework\boot\spring-boot-starter-tomcat\3.0.2\spring-boot-starter-tomcat-3.0.2.jar;D:\Env\apache-maven-3.9.1\repo\org\apache\tomcat\embed\tomcat-embed-core\10.1.5\tomcat-embed-core-10.1.5.jar;D:\Env\apache-maven-3.9.1\repo\org\apache\tomcat\embed\tomcat-embed-el\10.1.5\tomcat-embed-el-10.1.5.jar;D:\Env\apache-maven-3.9.1\repo\org\apache\tomcat\embed\tomcat-embed-websocket\10.1.5\tomcat-embed-websocket-10.1.5.jar;D:\Env\apache-maven-3.9.1\repo\org\springframework\spring-web\6.0.4\spring-web-6.0.4.jar;D:\Env\apache-maven-3.9.1\repo\io\micrometer\micrometer-observation\1.10.3\micrometer-observation-1.10.3.jar;D:\Env\apache-maven-3.9.1\repo\io\micrometer\micrometer-commons\1.10.3\micrometer-commons-1.10.3.jar;D:\Env\apache-maven-3.9.1\repo\org\springframework\spring-webmvc\6.0.4\spring-webmvc-6.0.4.jar;D:\Env\apache-maven-3.9.1\repo\org\springframework\boot\spring-boot-starter-data-jpa\3.0.2\spring-boot-starter-data-jpa-3.0.2.jar;D:\Env\apache-maven-3.9.1\repo\org\springframework\boot\spring-boot-starter-aop\3.0.2\spring-boot-starter-aop-3.0.2.jar;D:\Env\apache-maven-3.9.1\repo\org\aspectj\aspectjweaver\1.9.19\aspectjweaver-1.9.19.jar;D:\Env\apache-maven-3.9.1\repo\org\springframework\boot\spring-boot-starter-jdbc\3.0.2\spring-boot-starter-jdbc-3.0.2.jar;D:\Env\apache-maven-3.9.1\repo\com\zaxxer\HikariCP\5.0.1\HikariCP-5.0.1.jar;D:\Env\apache-maven-3.9.1\repo\org\springframework\spring-jdbc\6.0.4\spring-jdbc-6.0.4.jar;D:\Env\apache-maven-3.9.1\repo\org\hibernate\orm\hibernate-core\6.1.6.Final\hibernate-core-6.1.6.Final.jar;D:\Env\apache-maven-3.9.1\repo\jakarta\persistence\jakarta.persistence-api\3.1.0\jakarta.persistence-api-3.1.0.jar;D:\Env\apache-maven-3.9.1\repo\jakarta\transaction\jakarta.transaction-api\2.0.1\jakarta.transaction-api-2.0.1.jar;D:\Env\apache-maven-3.9.1\repo\org\jboss\logging\jboss-logging\3.5.0.Final\jboss-logging-3.5.0.Final.jar;D:\Env\apache-maven-3.9.1\repo\org\hibernate\common\hibernate-commons-annotations\6.0.2.Final\hibernate-commons-annotations-6.0.2.Final.jar;D:\Env\apache-maven-3.9.1\repo\org\jboss\jandex\2.4.2.Final\jandex-2.4.2.Final.jar;D:\Env\apache-maven-3.9.1\repo\com\fasterxml\classmate\1.5.1\classmate-1.5.1.jar;D:\Env\apache-maven-3.9.1\repo\net\bytebuddy\byte-buddy\1.12.22\byte-buddy-1.12.22.jar;D:\Env\apache-maven-3.9.1\repo\org\glassfish\jaxb\jaxb-runtime\4.0.1\jaxb-runtime-4.0.1.jar;D:\Env\apache-maven-3.9.1\repo\org\glassfish\jaxb\jaxb-core\4.0.1\jaxb-core-4.0.1.jar;D:\Env\apache-maven-3.9.1\repo\org\eclipse\angus\angus-activation\1.0.0\angus-activation-1.0.0.jar;D:\Env\apache-maven-3.9.1\repo\org\glassfish\jaxb\txw2\4.0.1\txw2-4.0.1.jar;D:\Env\apache-maven-3.9.1\repo\com\sun\istack\istack-commons-runtime\4.1.1\istack-commons-runtime-4.1.1.jar;D:\Env\apache-maven-3.9.1\repo\jakarta\inject\jakarta.inject-api\2.0.0\jakarta.inject-api-2.0.0.jar;D:\Env\apache-maven-3.9.1\repo\org\antlr\antlr4-runtime\4.10.1\antlr4-runtime-4.10.1.jar;D:\Env\apache-maven-3.9.1\repo\org\springframework\data\spring-data-jpa\3.0.1\spring-data-jpa-3.0.1.jar;D:\Env\apache-maven-3.9.1\repo\org\springframework\data\spring-data-commons\3.0.1\spring-data-commons-3.0.1.jar;D:\Env\apache-maven-3.9.1\repo\org\springframework\spring-orm\6.0.4\spring-orm-6.0.4.jar;D:\Env\apache-maven-3.9.1\repo\org\springframework\spring-aspects\6.0.4\spring-aspects-6.0.4.jar;D:\Env\apache-maven-3.9.1\repo\com\mysql\mysql-connector-j\8.0.32\mysql-connector-j-8.0.32.jar;D:\Env\apache-maven-3.9.1\repo\org\projectlombok\lombok\1.18.24\lombok-1.18.24.jar;D:\Env\apache-maven-3.9.1\repo\org\springframework\boot\spring-boot-starter-test\3.0.2\spring-boot-starter-test-3.0.2.jar;D:\Env\apache-maven-3.9.1\repo\org\springframework\boot\spring-boot-test\3.0.2\spring-boot-test-3.0.2.jar;D:\Env\apache-maven-3.9.1\repo\org\springframework\boot\spring-boot-test-autoconfigure\3.0.2\spring-boot-test-autoconfigure-3.0.2.jar;D:\Env\apache-maven-3.9.1\repo\com\jayway\jsonpath\json-path\2.7.0\json-path-2.7.0.jar;D:\Env\apache-maven-3.9.1\repo\net\minidev\json-smart\2.4.8\json-smart-2.4.8.jar;D:\Env\apache-maven-3.9.1\repo\net\minidev\accessors-smart\2.4.8\accessors-smart-2.4.8.jar;D:\Env\apache-maven-3.9.1\repo\org\ow2\asm\asm\9.1\asm-9.1.jar;D:\Env\apache-maven-3.9.1\repo\jakarta\xml\bind\jakarta.xml.bind-api\4.0.0\jakarta.xml.bind-api-4.0.0.jar;D:\Env\apache-maven-3.9.1\repo\jakarta\activation\jakarta.activation-api\2.1.1\jakarta.activation-api-2.1.1.jar;D:\Env\apache-maven-3.9.1\repo\org\assertj\assertj-core\3.23.1\assertj-core-3.23.1.jar;D:\Env\apache-maven-3.9.1\repo\org\hamcrest\hamcrest\2.2\hamcrest-2.2.jar;D:\Env\apache-maven-3.9.1\repo\org\junit\jupiter\junit-jupiter\5.9.2\junit-jupiter-5.9.2.jar;D:\Env\apache-maven-3.9.1\repo\org\junit\jupiter\junit-jupiter-api\5.9.2\junit-jupiter-api-5.9.2.jar;D:\Env\apache-maven-3.9.1\repo\org\opentest4j\opentest4j\1.2.0\opentest4j-1.2.0.jar;D:\Env\apache-maven-3.9.1\repo\org\junit\platform\junit-platform-commons\1.9.2\junit-platform-commons-1.9.2.jar;D:\Env\apache-maven-3.9.1\repo\org\apiguardian\apiguardian-api\1.1.2\apiguardian-api-1.1.2.jar;D:\Env\apache-maven-3.9.1\repo\org\junit\jupiter\junit-jupiter-params\5.9.2\junit-jupiter-params-5.9.2.jar;D:\Env\apache-maven-3.9.1\repo\org\junit\jupiter\junit-jupiter-engine\5.9.2\junit-jupiter-engine-5.9.2.jar;D:\Env\apache-maven-3.9.1\repo\org\junit\platform\junit-platform-engine\1.9.2\junit-platform-engine-1.9.2.jar;D:\Env\apache-maven-3.9.1\repo\org\mockito\mockito-core\4.8.1\mockito-core-4.8.1.jar;D:\Env\apache-maven-3.9.1\repo\net\bytebuddy\byte-buddy-agent\1.12.22\byte-buddy-agent-1.12.22.jar;D:\Env\apache-maven-3.9.1\repo\org\objenesis\objenesis\3.2\objenesis-3.2.jar;D:\Env\apache-maven-3.9.1\repo\org\mockito\mockito-junit-jupiter\4.8.1\mockito-junit-jupiter-4.8.1.jar;D:\Env\apache-maven-3.9.1\repo\org\skyscreamer\jsonassert\1.5.1\jsonassert-1.5.1.jar;D:\Env\apache-maven-3.9.1\repo\com\vaadin\external\google\android-json\0.0.20131108.vaadin1\android-json-0.0.20131108.vaadin1.jar;D:\Env\apache-maven-3.9.1\repo\org\springframework\spring-core\6.0.4\spring-core-6.0.4.jar;D:\Env\apache-maven-3.9.1\repo\org\springframework\spring-jcl\6.0.4\spring-jcl-6.0.4.jar;D:\Env\apache-maven-3.9.1\repo\org\springframework\spring-test\6.0.4\spring-test-6.0.4.jar;D:\Env\apache-maven-3.9.1\repo\org\xmlunit\xmlunit-core\2.9.1\xmlunit-core-2.9.1.jar;"/>
    <property name="sun.cpu.endian" value="little"/>
    <property name="user.home" value="C:\Users\northboat"/>
    <property name="user.language" value="zh"/>
    <property name="java.specification.vendor" value="Oracle Corporation"/>
    <property name="java.version.date" value="2023-04-18"/>
    <property name="java.home" value="D:\Env\java\jdk17"/>
    <property name="file.separator" value="\"/>
    <property name="basedir" value="E:\File\XDU\项目\认证\Auth-Sim-Platform"/>
    <property name="java.vm.compressedOopsMode" value="Zero based"/>
    <property name="line.separator" value="&#10;"/>
    <property name="java.vm.specification.vendor" value="Oracle Corporation"/>
    <property name="java.specification.name" value="Java Platform API Specification"/>
    <property name="surefire.real.class.path" value="C:\Users\northboat\AppData\Local\Temp\surefire15609103098947436401\surefirebooter-20241114121000460_3.jar"/>
    <property name="user.script" value=""/>
    <property name="sun.management.compiler" value="HotSpot 64-Bit Tiered Compilers"/>
    <property name="java.runtime.version" value="17.0.7+8-LTS-224"/>
    <property name="user.name" value="northboat"/>
    <property name="path.separator" value=";"/>
    <property name="os.version" value="10.0"/>
    <property name="java.runtime.name" value="Java(TM) SE Runtime Environment"/>
    <property name="file.encoding" value="GBK"/>
    <property name="java.vm.name" value="Java HotSpot(TM) 64-Bit Server VM"/>
    <property name="localRepository" value="D:\Env\apache-maven-3.9.1\repo"/>
    <property name="java.vendor.url.bug" value="https://bugreport.java.com/bugreport/"/>
    <property name="java.io.tmpdir" value="C:\Users\NORTHB~1\AppData\Local\Temp\"/>
    <property name="idea.version" value="2022.3.3"/>
    <property name="java.version" value="17.0.7"/>
    <property name="user.dir" value="E:\File\XDU\项目\认证\Auth-Sim-Platform"/>
    <property name="os.arch" value="amd64"/>
    <property name="java.vm.specification.name" value="Java Virtual Machine Specification"/>
    <property name="sun.os.patch.level" value=""/>
    <property name="native.encoding" value="GBK"/>
    <property name="java.library.path" value="D:\Env\java\jdk17\bin;C:\WINDOWS\Sun\Java\bin;C:\WINDOWS\system32;C:\WINDOWS;D:\Env\Anaconda\condabin;C:\Program Files (x86)\Common Files\Oracle\Java\java8path;C:\Program Files (x86)\Common Files\Oracle\Java\javapath;D:\Dev\VMware\VMware Workstation\bin\;C:\WINDOWS\system32;C:\WINDOWS;C:\WINDOWS\System32\Wbem;C:\WINDOWS\System32\WindowsPowerShell\v1.0\;C:\WINDOWS\System32\OpenSSH\;D:\Software\Bandizip\;D:\Dev\Git\cmd;D:\Env\Anaconda;D:\Env\Anaconda\Scripts;D:\Env\Anaconda\Library\bin;D:\Env\Anaconda\Library\mingw-w64\bin;C:\Program Files\PuTTY\;D:\Env\Go\bin;C:\Program Files\NVIDIA Corporation\NVIDIA NvDLISR;C:\Program Files (x86)\NVIDIA Corporation\PhysX\Common;C:\Program Files\Docker\Docker\resources\bin;D:\Env\java\jdk1.8\jdk8\bin;C:\Program Files\nodejs\;C:\Users\northboat\AppData\Local\Microsoft\WindowsApps;;D:\Dev\Microsoft VS Code\bin;D:\Dev\PyCharm 2023.1\bin;;C:\Users\northboat\go\bin;C:\Users\northboat\AppData\Roaming\npm;."/>
    <property name="java.vm.info" value="mixed mode, sharing"/>
    <property name="java.vendor" value="Oracle Corporation"/>
    <property name="java.vm.version" value="17.0.7+8-LTS-224"/>
    <property name="sun.io.unicode.encoding" value="UnicodeLittle"/>
    <property name="maven.repo.local" value="D:\Env\apache-maven-3.9.1\repo"/>
    <property name="java.class.version" value="61.0"/>
  </properties>
  <testcase name="" classname="cia.northboat.authsim.AuthApplicationTests" time="0.218">
    <error message="Unable to find a @SpringBootConfiguration, you need to use @ContextConfiguration or @SpringBootTest(classes=...) with your test" type="java.lang.IllegalStateException"><![CDATA[java.lang.IllegalStateException: Unable to find a @SpringBootConfiguration, you need to use @ContextConfiguration or @SpringBootTest(classes=...) with your test
	at org.springframework.util.Assert.state(Assert.java:76)
	at org.springframework.boot.test.context.SpringBootTestContextBootstrapper.findConfigurationClass(SpringBootTestContextBootstrapper.java:259)
	at org.springframework.boot.test.context.SpringBootTestContextBootstrapper.getOrFindConfigurationClasses(SpringBootTestContextBootstrapper.java:246)
	at org.springframework.boot.test.context.SpringBootTestContextBootstrapper.processMergedContextConfiguration(SpringBootTestContextBootstrapper.java:164)
	at org.springframework.test.context.support.AbstractTestContextBootstrapper.buildMergedContextConfiguration(AbstractTestContextBootstrapper.java:375)
	at org.springframework.test.context.support.AbstractTestContextBootstrapper.buildDefaultMergedContextConfiguration(AbstractTestContextBootstrapper.java:291)
	at org.springframework.test.context.support.AbstractTestContextBootstrapper.buildMergedContextConfiguration(AbstractTestContextBootstrapper.java:239)
	at org.springframework.test.context.support.AbstractTestContextBootstrapper.buildTestContext(AbstractTestContextBootstrapper.java:107)
	at org.springframework.boot.test.context.SpringBootTestContextBootstrapper.buildTestContext(SpringBootTestContextBootstrapper.java:113)
	at org.springframework.test.context.TestContextManager.<init>(TestContextManager.java:129)
	at org.springframework.test.context.TestContextManager.<init>(TestContextManager.java:113)
	at org.junit.jupiter.engine.execution.ExtensionValuesStore.lambda$getOrComputeIfAbsent$4(ExtensionValuesStore.java:86)
	at org.junit.jupiter.engine.execution.ExtensionValuesStore$MemoizingSupplier.computeValue(ExtensionValuesStore.java:223)
	at org.junit.jupiter.engine.execution.ExtensionValuesStore$MemoizingSupplier.get(ExtensionValuesStore.java:211)
	at org.junit.jupiter.engine.execution.ExtensionValuesStore$StoredValue.evaluate(ExtensionValuesStore.java:191)
	at org.junit.jupiter.engine.execution.ExtensionValuesStore$StoredValue.access$100(ExtensionValuesStore.java:171)
	at org.junit.jupiter.engine.execution.ExtensionValuesStore.getOrComputeIfAbsent(ExtensionValuesStore.java:89)
	at org.junit.jupiter.engine.execution.ExtensionValuesStore.getOrComputeIfAbsent(ExtensionValuesStore.java:93)
	at org.junit.jupiter.engine.execution.NamespaceAwareStore.getOrComputeIfAbsent(NamespaceAwareStore.java:61)
	at org.springframework.test.context.junit.jupiter.SpringExtension.getTestContextManager(SpringExtension.java:294)
	at org.springframework.test.context.junit.jupiter.SpringExtension.beforeAll(SpringExtension.java:113)
	at org.junit.jupiter.engine.descriptor.ClassBasedTestDescriptor.lambda$invokeBeforeAllCallbacks$12(ClassBasedTestDescriptor.java:395)
	at org.junit.platform.engine.support.hierarchical.ThrowableCollector.execute(ThrowableCollector.java:73)
	at org.junit.jupiter.engine.descriptor.ClassBasedTestDescriptor.invokeBeforeAllCallbacks(ClassBasedTestDescriptor.java:395)
	at org.junit.jupiter.engine.descriptor.ClassBasedTestDescriptor.before(ClassBasedTestDescriptor.java:211)
	at org.junit.jupiter.engine.descriptor.ClassBasedTestDescriptor.before(ClassBasedTestDescriptor.java:84)
	at org.junit.platform.engine.support.hierarchical.NodeTestTask.lambda$executeRecursively$6(NodeTestTask.java:148)
	at org.junit.platform.engine.support.hierarchical.ThrowableCollector.execute(ThrowableCollector.java:73)
	at org.junit.platform.engine.support.hierarchical.NodeTestTask.lambda$executeRecursively$8(NodeTestTask.java:141)
	at org.junit.platform.engine.support.hierarchical.Node.around(Node.java:137)
	at org.junit.platform.engine.support.hierarchical.NodeTestTask.lambda$executeRecursively$9(NodeTestTask.java:139)
	at org.junit.platform.engine.support.hierarchical.ThrowableCollector.execute(ThrowableCollector.java:73)
	at org.junit.platform.engine.support.hierarchical.NodeTestTask.executeRecursively(NodeTestTask.java:138)
	at org.junit.platform.engine.support.hierarchical.NodeTestTask.execute(NodeTestTask.java:95)
	at java.base/java.util.ArrayList.forEach(ArrayList.java:1511)
	at org.junit.platform.engine.support.hierarchical.SameThreadHierarchicalTestExecutorService.invokeAll(SameThreadHierarchicalTestExecutorService.java:41)
	at org.junit.platform.engine.support.hierarchical.NodeTestTask.lambda$executeRecursively$6(NodeTestTask.java:155)
	at org.junit.platform.engine.support.hierarchical.ThrowableCollector.execute(ThrowableCollector.java:73)
	at org.junit.platform.engine.support.hierarchical.NodeTestTask.lambda$executeRecursively$8(NodeTestTask.java:141)
	at org.junit.platform.engine.support.hierarchical.Node.around(Node.java:137)
	at org.junit.platform.engine.support.hierarchical.NodeTestTask.lambda$executeRecursively$9(NodeTestTask.java:139)
	at org.junit.platform.engine.support.hierarchical.ThrowableCollector.execute(ThrowableCollector.java:73)
	at org.junit.platform.engine.support.hierarchical.NodeTestTask.executeRecursively(NodeTestTask.java:138)
	at org.junit.platform.engine.support.hierarchical.NodeTestTask.execute(NodeTestTask.java:95)
	at org.junit.platform.engine.support.hierarchical.SameThreadHierarchicalTestExecutorService.submit(SameThreadHierarchicalTestExecutorService.java:35)
	at org.junit.platform.engine.support.hierarchical.HierarchicalTestExecutor.execute(HierarchicalTestExecutor.java:57)
	at org.junit.platform.engine.support.hierarchical.HierarchicalTestEngine.execute(HierarchicalTestEngine.java:54)
	at org.junit.platform.launcher.core.EngineExecutionOrchestrator.execute(EngineExecutionOrchestrator.java:147)
	at org.junit.platform.launcher.core.EngineExecutionOrchestrator.execute(EngineExecutionOrchestrator.java:127)
	at org.junit.platform.launcher.core.EngineExecutionOrchestrator.execute(EngineExecutionOrchestrator.java:90)
	at org.junit.platform.launcher.core.EngineExecutionOrchestrator.lambda$execute$0(EngineExecutionOrchestrator.java:55)
	at org.junit.platform.launcher.core.EngineExecutionOrchestrator.withInterceptedStreams(EngineExecutionOrchestrator.java:102)
	at org.junit.platform.launcher.core.EngineExecutionOrchestrator.execute(EngineExecutionOrchestrator.java:54)
	at org.junit.platform.launcher.core.DefaultLauncher.execute(DefaultLauncher.java:114)
	at org.junit.platform.launcher.core.DefaultLauncher.execute(DefaultLauncher.java:86)
	at org.junit.platform.launcher.core.DefaultLauncherSession$DelegatingLauncher.execute(DefaultLauncherSession.java:86)
	at org.apache.maven.surefire.junitplatform.LazyLauncher.execute(LazyLauncher.java:50)
	at org.apache.maven.surefire.junitplatform.JUnitPlatformProvider.execute(JUnitPlatformProvider.java:184)
	at org.apache.maven.surefire.junitplatform.JUnitPlatformProvider.invokeAllTests(JUnitPlatformProvider.java:148)
	at org.apache.maven.surefire.junitplatform.JUnitPlatformProvider.invoke(JUnitPlatformProvider.java:122)
	at org.apache.maven.surefire.booter.ForkedBooter.runSuitesInProcess(ForkedBooter.java:385)
	at org.apache.maven.surefire.booter.ForkedBooter.execute(ForkedBooter.java:162)
	at org.apache.maven.surefire.booter.ForkedBooter.run(ForkedBooter.java:507)
	at org.apache.maven.surefire.booter.ForkedBooter.main(ForkedBooter.java:495)
]]></error>
    <system-out><![CDATA[12:10:01.114 [main] DEBUG org.springframework.boot.test.context.SpringBootTestContextBootstrapper - Neither @ContextConfiguration nor @ContextHierarchy found for test class [AuthApplicationTests]: using SpringBootContextLoader
12:10:01.119 [main] DEBUG org.springframework.test.context.support.AbstractContextLoader - Could not detect default resource locations for test class [cia.northboat.authsim.AuthApplicationTests]: no resource found for suffixes {-context.xml, Context.groovy}.
12:10:01.119 [main] INFO org.springframework.test.context.support.AnnotationConfigContextLoaderUtils - Could not detect default configuration classes for test class [cia.northboat.authsim.AuthApplicationTests]: AuthApplicationTests does not declare any static, non-private, non-final, nested classes annotated with @Configuration.
12:10:01.142 [main] DEBUG org.springframework.boot.test.context.SpringBootTestContextBootstrapper - Using ContextCustomizers for test class [AuthApplicationTests]: [ExcludeFilterContextCustomizer, DuplicateJsonObjectContextCustomizer, MockitoContextCustomizer, TestRestTemplateContextCustomizer, DisableObservabilityContextCustomizer, PropertyMappingContextCustomizer, Customizer]
]]></system-out>
  </testcase>
</testsuite>