<?xml version="1.0" encoding="UTF-8"?>
<testsuite xmlns:xsi="http://www.w3.org/2001/XMLSchema-instance" xsi:noNamespaceSchemaLocation="https://maven.apache.org/surefire/maven-surefire-plugin/xsd/surefire-test-report-3.0.xsd" version="3.0" name="cia.northboat.auth.AuthApplicationTests" time="4.982" tests="1" errors="0" skipped="0" failures="0">
  <properties>
    <property name="java.specification.version" value="17"/>
    <property name="sun.cpu.isalist" value="amd64"/>
    <property name="sun.jnu.encoding" value="GBK"/>
    <property name="java.class.path" value="E:\File\XDU\项目\认证\Auth-Sim-Platform\target\test-classes;E:\File\XDU\项目\认证\Auth-Sim-Platform\target\classes;D:\Env\apache-maven-3.9.1\repo\org\springframework\boot\spring-boot-starter-security\3.0.2\spring-boot-starter-security-3.0.2.jar;D:\Env\apache-maven-3.9.1\repo\org\springframework\boot\spring-boot-starter\3.0.2\spring-boot-starter-3.0.2.jar;D:\Env\apache-maven-3.9.1\repo\org\springframework\boot\spring-boot\3.0.2\spring-boot-3.0.2.jar;D:\Env\apache-maven-3.9.1\repo\org\springframework\boot\spring-boot-autoconfigure\3.0.2\spring-boot-autoconfigure-3.0.2.jar;D:\Env\apache-maven-3.9.1\repo\org\springframework\boot\spring-boot-starter-logging\3.0.2\spring-boot-starter-logging-3.0.2.jar;D:\Env\apache-maven-3.9.1\repo\ch\qos\logback\logback-classic\1.4.5\logback-classic-1.4.5.jar;D:\Env\apache-maven-3.9.1\repo\ch\qos\logback\logback-core\1.4.5\logback-core-1.4.5.jar;D:\Env\apache-maven-3.9.1\repo\org\apache\logging\log4j\log4j-to-slf4j\2.19.0\log4j-to-slf4j-2.19.0.jar;D:\Env\apache-maven-3.9.1\repo\org\apache\logging\log4j\log4j-api\2.19.0\log4j-api-2.19.0.jar;D:\Env\apache-maven-3.9.1\repo\org\slf4j\jul-to-slf4j\2.0.6\jul-to-slf4j-2.0.6.jar;D:\Env\apache-maven-3.9.1\repo\jakarta\annotation\jakarta.annotation-api\2.1.1\jakarta.annotation-api-2.1.1.jar;D:\Env\apache-maven-3.9.1\repo\org\yaml\snakeyaml\1.33\snakeyaml-1.33.jar;D:\Env\apache-maven-3.9.1\repo\org\springframework\spring-aop\6.0.4\spring-aop-6.0.4.jar;D:\Env\apache-maven-3.9.1\repo\org\springframework\spring-beans\6.0.4\spring-beans-6.0.4.jar;D:\Env\apache-maven-3.9.1\repo\org\springframework\security\spring-security-config\6.0.1\spring-security-config-6.0.1.jar;D:\Env\apache-maven-3.9.1\repo\org\springframework\security\spring-security-core\6.0.1\spring-security-core-6.0.1.jar;D:\Env\apache-maven-3.9.1\repo\org\springframework\security\spring-security-crypto\6.0.1\spring-security-crypto-6.0.1.jar;D:\Env\apache-maven-3.9.1\repo\org\springframework\spring-context\6.0.4\spring-context-6.0.4.jar;D:\Env\apache-maven-3.9.1\repo\org\springframework\security\spring-security-web\6.0.1\spring-security-web-6.0.1.jar;D:\Env\apache-maven-3.9.1\repo\org\springframework\spring-expression\6.0.4\spring-expression-6.0.4.jar;D:\Env\apache-maven-3.9.1\repo\org\springframework\boot\spring-boot-starter-data-redis\3.0.2\spring-boot-starter-data-redis-3.0.2.jar;D:\Env\apache-maven-3.9.1\repo\org\springframework\data\spring-data-redis\3.0.1\spring-data-redis-3.0.1.jar;D:\Env\apache-maven-3.9.1\repo\org\springframework\data\spring-data-keyvalue\3.0.1\spring-data-keyvalue-3.0.1.jar;D:\Env\apache-maven-3.9.1\repo\org\springframework\spring-tx\6.0.4\spring-tx-6.0.4.jar;D:\Env\apache-maven-3.9.1\repo\org\springframework\spring-oxm\6.0.4\spring-oxm-6.0.4.jar;D:\Env\apache-maven-3.9.1\repo\org\springframework\spring-context-support\6.0.4\spring-context-support-6.0.4.jar;D:\Env\apache-maven-3.9.1\repo\org\slf4j\slf4j-api\2.0.6\slf4j-api-2.0.6.jar;D:\Env\apache-maven-3.9.1\repo\io\lettuce\lettuce-core\6.2.2.RELEASE\lettuce-core-6.2.2.RELEASE.jar;D:\Env\apache-maven-3.9.1\repo\io\netty\netty-common\4.1.87.Final\netty-common-4.1.87.Final.jar;D:\Env\apache-maven-3.9.1\repo\io\netty\netty-handler\4.1.87.Final\netty-handler-4.1.87.Final.jar;D:\Env\apache-maven-3.9.1\repo\io\netty\netty-resolver\4.1.87.Final\netty-resolver-4.1.87.Final.jar;D:\Env\apache-maven-3.9.1\repo\io\netty\netty-buffer\4.1.87.Final\netty-buffer-4.1.87.Final.jar;D:\Env\apache-maven-3.9.1\repo\io\netty\netty-transport-native-unix-common\4.1.87.Final\netty-transport-native-unix-common-4.1.87.Final.jar;D:\Env\apache-maven-3.9.1\repo\io\netty\netty-codec\4.1.87.Final\netty-codec-4.1.87.Final.jar;D:\Env\apache-maven-3.9.1\repo\io\netty\netty-transport\4.1.87.Final\netty-transport-4.1.87.Final.jar;D:\Env\apache-maven-3.9.1\repo\io\projectreactor\reactor-core\3.5.2\reactor-core-3.5.2.jar;D:\Env\apache-maven-3.9.1\repo\org\reactivestreams\reactive-streams\1.0.4\reactive-streams-1.0.4.jar;D:\Env\apache-maven-3.9.1\repo\org\springframework\boot\spring-boot-starter-thymeleaf\3.0.2\spring-boot-starter-thymeleaf-3.0.2.jar;D:\Env\apache-maven-3.9.1\repo\org\thymeleaf\thymeleaf-spring6\3.1.1.RELEASE\thymeleaf-spring6-3.1.1.RELEASE.jar;D:\Env\apache-maven-3.9.1\repo\org\thymeleaf\thymeleaf\3.1.1.RELEASE\thymeleaf-3.1.1.RELEASE.jar;D:\Env\apache-maven-3.9.1\repo\org\attoparser\attoparser\2.0.6.RELEASE\attoparser-2.0.6.RELEASE.jar;D:\Env\apache-maven-3.9.1\repo\org\unbescape\unbescape\1.1.6.RELEASE\unbescape-1.1.6.RELEASE.jar;D:\Env\apache-maven-3.9.1\repo\org\springframework\boot\spring-boot-starter-web\3.0.2\spring-boot-starter-web-3.0.2.jar;D:\Env\apache-maven-3.9.1\repo\org\springframework\boot\spring-boot-starter-json\3.0.2\spring-boot-starter-json-3.0.2.jar;D:\Env\apache-maven-3.9.1\repo\com\fasterxml\jackson\core\jackson-databind\2.14.1\jackson-databind-2.14.1.jar;D:\Env\apache-maven-3.9.1\repo\com\fasterxml\jackson\core\jackson-annotations\2.14.1\jackson-annotations-2.14.1.jar;D:\Env\apache-maven-3.9.1\repo\com\fasterxml\jackson\core\jackson-core\2.14.1\jackson-core-2.14.1.jar;D:\Env\apache-maven-3.9.1\repo\com\fasterxml\jackson\datatype\jackson-datatype-jdk8\2.14.1\jackson-datatype-jdk8-2.14.1.jar;D:\Env\apache-maven-3.9.1\repo\com\fasterxml\jackson\datatype\jackson-datatype-jsr310\2.14.1\jackson-datatype-jsr310-2.14.1.jar;D:\Env\apache-maven-3.9.1\repo\com\fasterxml\jackson\module\jackson-module-parameter-names\2.14.1\jackson-module-parameter-names-2.14.1.jar;D:\Env\apache-maven-3.9.1\repo\org\springframework\boot\spring-boot-starter-tomcat\3.0.2\spring-boot-starter-tomcat-3.0.2.jar;D:\Env\apache-maven-3.9.1\repo\org\apache\tomcat\embed\tomcat-embed-core\10.1.5\tomcat-embed-core-10.1.5.jar;D:\Env\apache-maven-3.9.1\repo\org\apache\tomcat\embed\tomcat-embed-el\10.1.5\tomcat-embed-el-10.1.5.jar;D:\Env\apache-maven-3.9.1\repo\org\apache\tomcat\embed\tomcat-embed-websocket\10.1.5\tomcat-embed-websocket-10.1.5.jar;D:\Env\apache-maven-3.9.1\repo\org\springframework\spring-web\6.0.4\spring-web-6.0.4.jar;D:\Env\apache-maven-3.9.1\repo\io\micrometer\micrometer-observation\1.10.3\micrometer-observation-1.10.3.jar;D:\Env\apache-maven-3.9.1\repo\io\micrometer\micrometer-commons\1.10.3\micrometer-commons-1.10.3.jar;D:\Env\apache-maven-3.9.1\repo\org\springframework\spring-webmvc\6.0.4\spring-webmvc-6.0.4.jar;D:\Env\apache-maven-3.9.1\repo\org\springframework\boot\spring-boot-starter-data-jpa\3.0.2\spring-boot-starter-data-jpa-3.0.2.jar;D:\Env\apache-maven-3.9.1\repo\org\springframework\boot\spring-boot-starter-aop\3.0.2\spring-boot-starter-aop-3.0.2.jar;D:\Env\apache-maven-3.9.1\repo\org\aspectj\aspectjweaver\1.9.19\aspectjweaver-1.9.19.jar;D:\Env\apache-maven-3.9.1\repo\org\springframework\boot\spring-boot-starter-jdbc\3.0.2\spring-boot-starter-jdbc-3.0.2.jar;D:\Env\apache-maven-3.9.1\repo\com\zaxxer\HikariCP\5.0.1\HikariCP-5.0.1.jar;D:\Env\apache-maven-3.9.1\repo\org\springframework\spring-jdbc\6.0.4\spring-jdbc-6.0.4.jar;D:\Env\apache-maven-3.9.1\repo\org\hibernate\orm\hibernate-core\6.1.6.Final\hibernate-core-6.1.6.Final.jar;D:\Env\apache-maven-3.9.1\repo\jakarta\persistence\jakarta.persistence-api\3.1.0\jakarta.persistence-api-3.1.0.jar;D:\Env\apache-maven-3.9.1\repo\jakarta\transaction\jakarta.transaction-api\2.0.1\jakarta.transaction-api-2.0.1.jar;D:\Env\apache-maven-3.9.1\repo\org\jboss\logging\jboss-logging\3.5.0.Final\jboss-logging-3.5.0.Final.jar;D:\Env\apache-maven-3.9.1\repo\org\hibernate\common\hibernate-commons-annotations\6.0.2.Final\hibernate-commons-annotations-6.0.2.Final.jar;D:\Env\apache-maven-3.9.1\repo\org\jboss\jandex\2.4.2.Final\jandex-2.4.2.Final.jar;D:\Env\apache-maven-3.9.1\repo\com\fasterxml\classmate\1.5.1\classmate-1.5.1.jar;D:\Env\apache-maven-3.9.1\repo\net\bytebuddy\byte-buddy\1.12.22\byte-buddy-1.12.22.jar;D:\Env\apache-maven-3.9.1\repo\org\glassfish\jaxb\jaxb-runtime\4.0.1\jaxb-runtime-4.0.1.jar;D:\Env\apache-maven-3.9.1\repo\org\glassfish\jaxb\jaxb-core\4.0.1\jaxb-core-4.0.1.jar;D:\Env\apache-maven-3.9.1\repo\org\eclipse\angus\angus-activation\1.0.0\angus-activation-1.0.0.jar;D:\Env\apache-maven-3.9.1\repo\org\glassfish\jaxb\txw2\4.0.1\txw2-4.0.1.jar;D:\Env\apache-maven-3.9.1\repo\com\sun\istack\istack-commons-runtime\4.1.1\istack-commons-runtime-4.1.1.jar;D:\Env\apache-maven-3.9.1\repo\jakarta\inject\jakarta.inject-api\2.0.0\jakarta.inject-api-2.0.0.jar;D:\Env\apache-maven-3.9.1\repo\org\antlr\antlr4-runtime\4.10.1\antlr4-runtime-4.10.1.jar;D:\Env\apache-maven-3.9.1\repo\org\springframework\data\spring-data-jpa\3.0.1\spring-data-jpa-3.0.1.jar;D:\Env\apache-maven-3.9.1\repo\org\springframework\data\spring-data-commons\3.0.1\spring-data-commons-3.0.1.jar;D:\Env\apache-maven-3.9.1\repo\org\springframework\spring-orm\6.0.4\spring-orm-6.0.4.jar;D:\Env\apache-maven-3.9.1\repo\org\springframework\spring-aspects\6.0.4\spring-aspects-6.0.4.jar;D:\Env\apache-maven-3.9.1\repo\com\mysql\mysql-connector-j\8.0.32\mysql-connector-j-8.0.32.jar;D:\Env\apache-maven-3.9.1\repo\org\projectlombok\lombok\1.18.24\lombok-1.18.24.jar;D:\Env\apache-maven-3.9.1\repo\org\springframework\boot\spring-boot-starter-test\3.0.2\spring-boot-starter-test-3.0.2.jar;D:\Env\apache-maven-3.9.1\repo\org\springframework\boot\spring-boot-test\3.0.2\spring-boot-test-3.0.2.jar;D:\Env\apache-maven-3.9.1\repo\org\springframework\boot\spring-boot-test-autoconfigure\3.0.2\spring-boot-test-autoconfigure-3.0.2.jar;D:\Env\apache-maven-3.9.1\repo\com\jayway\jsonpath\json-path\2.7.0\json-path-2.7.0.jar;D:\Env\apache-maven-3.9.1\repo\net\minidev\json-smart\2.4.8\json-smart-2.4.8.jar;D:\Env\apache-maven-3.9.1\repo\net\minidev\accessors-smart\2.4.8\accessors-smart-2.4.8.jar;D:\Env\apache-maven-3.9.1\repo\org\ow2\asm\asm\9.1\asm-9.1.jar;D:\Env\apache-maven-3.9.1\repo\jakarta\xml\bind\jakarta.xml.bind-api\4.0.0\jakarta.xml.bind-api-4.0.0.jar;D:\Env\apache-maven-3.9.1\repo\jakarta\activation\jakarta.activation-api\2.1.1\jakarta.activation-api-2.1.1.jar;D:\Env\apache-maven-3.9.1\repo\org\assertj\assertj-core\3.23.1\assertj-core-3.23.1.jar;D:\Env\apache-maven-3.9.1\repo\org\hamcrest\hamcrest\2.2\hamcrest-2.2.jar;D:\Env\apache-maven-3.9.1\repo\org\junit\jupiter\junit-jupiter\5.9.2\junit-jupiter-5.9.2.jar;D:\Env\apache-maven-3.9.1\repo\org\junit\jupiter\junit-jupiter-api\5.9.2\junit-jupiter-api-5.9.2.jar;D:\Env\apache-maven-3.9.1\repo\org\opentest4j\opentest4j\1.2.0\opentest4j-1.2.0.jar;D:\Env\apache-maven-3.9.1\repo\org\junit\platform\junit-platform-commons\1.9.2\junit-platform-commons-1.9.2.jar;D:\Env\apache-maven-3.9.1\repo\org\apiguardian\apiguardian-api\1.1.2\apiguardian-api-1.1.2.jar;D:\Env\apache-maven-3.9.1\repo\org\junit\jupiter\junit-jupiter-params\5.9.2\junit-jupiter-params-5.9.2.jar;D:\Env\apache-maven-3.9.1\repo\org\junit\jupiter\junit-jupiter-engine\5.9.2\junit-jupiter-engine-5.9.2.jar;D:\Env\apache-maven-3.9.1\repo\org\junit\platform\junit-platform-engine\1.9.2\junit-platform-engine-1.9.2.jar;D:\Env\apache-maven-3.9.1\repo\org\mockito\mockito-core\4.8.1\mockito-core-4.8.1.jar;D:\Env\apache-maven-3.9.1\repo\net\bytebuddy\byte-buddy-agent\1.12.22\byte-buddy-agent-1.12.22.jar;D:\Env\apache-maven-3.9.1\repo\org\objenesis\objenesis\3.2\objenesis-3.2.jar;D:\Env\apache-maven-3.9.1\repo\org\mockito\mockito-junit-jupiter\4.8.1\mockito-junit-jupiter-4.8.1.jar;D:\Env\apache-maven-3.9.1\repo\org\skyscreamer\jsonassert\1.5.1\jsonassert-1.5.1.jar;D:\Env\apache-maven-3.9.1\repo\com\vaadin\external\google\android-json\0.0.20131108.vaadin1\android-json-0.0.20131108.vaadin1.jar;D:\Env\apache-maven-3.9.1\repo\org\springframework\spring-core\6.0.4\spring-core-6.0.4.jar;D:\Env\apache-maven-3.9.1\repo\org\springframework\spring-jcl\6.0.4\spring-jcl-6.0.4.jar;D:\Env\apache-maven-3.9.1\repo\org\springframework\spring-test\6.0.4\spring-test-6.0.4.jar;D:\Env\apache-maven-3.9.1\repo\org\xmlunit\xmlunit-core\2.9.1\xmlunit-core-2.9.1.jar;"/>
    <property name="java.vm.vendor" value="Oracle Corporation"/>
    <property name="sun.arch.data.model" value="64"/>
    <property name="user.variant" value=""/>
    <property name="java.vendor.url" value="https://java.oracle.com/"/>
    <property name="user.timezone" value="Asia/Shanghai"/>
    <property name="org.jboss.logging.provider" value="slf4j"/>
    <property name="os.name" value="Windows 10"/>
    <property name="java.vm.specification.version" value="17"/>
    <property name="sun.java.launcher" value="SUN_STANDARD"/>
    <property name="user.country" value="CN"/>
    <property name="sun.boot.library.path" value="D:\Env\java\jdk17\bin"/>
    <property name="sun.java.command" value="C:\Users\northboat\AppData\Local\Temp\surefire12191101775223931837\surefirebooter-20241115222808468_3.jar C:\Users\northboat\AppData\Local\Temp\surefire12191101775223931837 2024-11-15T22-28-08_330-jvmRun1 surefire-20241115222808468_1tmp surefire_0-20241115222808468_2tmp"/>
    <property name="jdk.debug" value="release"/>
    <property name="surefire.test.class.path" value="E:\File\XDU\项目\认证\Auth-Sim-Platform\target\test-classes;E:\File\XDU\项目\认证\Auth-Sim-Platform\target\classes;D:\Env\apache-maven-3.9.1\repo\org\springframework\boot\spring-boot-starter-security\3.0.2\spring-boot-starter-security-3.0.2.jar;D:\Env\apache-maven-3.9.1\repo\org\springframework\boot\spring-boot-starter\3.0.2\spring-boot-starter-3.0.2.jar;D:\Env\apache-maven-3.9.1\repo\org\springframework\boot\spring-boot\3.0.2\spring-boot-3.0.2.jar;D:\Env\apache-maven-3.9.1\repo\org\springframework\boot\spring-boot-autoconfigure\3.0.2\spring-boot-autoconfigure-3.0.2.jar;D:\Env\apache-maven-3.9.1\repo\org\springframework\boot\spring-boot-starter-logging\3.0.2\spring-boot-starter-logging-3.0.2.jar;D:\Env\apache-maven-3.9.1\repo\ch\qos\logback\logback-classic\1.4.5\logback-classic-1.4.5.jar;D:\Env\apache-maven-3.9.1\repo\ch\qos\logback\logback-core\1.4.5\logback-core-1.4.5.jar;D:\Env\apache-maven-3.9.1\repo\org\apache\logging\log4j\log4j-to-slf4j\2.19.0\log4j-to-slf4j-2.19.0.jar;D:\Env\apache-maven-3.9.1\repo\org\apache\logging\log4j\log4j-api\2.19.0\log4j-api-2.19.0.jar;D:\Env\apache-maven-3.9.1\repo\org\slf4j\jul-to-slf4j\2.0.6\jul-to-slf4j-2.0.6.jar;D:\Env\apache-maven-3.9.1\repo\jakarta\annotation\jakarta.annotation-api\2.1.1\jakarta.annotation-api-2.1.1.jar;D:\Env\apache-maven-3.9.1\repo\org\yaml\snakeyaml\1.33\snakeyaml-1.33.jar;D:\Env\apache-maven-3.9.1\repo\org\springframework\spring-aop\6.0.4\spring-aop-6.0.4.jar;D:\Env\apache-maven-3.9.1\repo\org\springframework\spring-beans\6.0.4\spring-beans-6.0.4.jar;D:\Env\apache-maven-3.9.1\repo\org\springframework\security\spring-security-config\6.0.1\spring-security-config-6.0.1.jar;D:\Env\apache-maven-3.9.1\repo\org\springframework\security\spring-security-core\6.0.1\spring-security-core-6.0.1.jar;D:\Env\apache-maven-3.9.1\repo\org\springframework\security\spring-security-crypto\6.0.1\spring-security-crypto-6.0.1.jar;D:\Env\apache-maven-3.9.1\repo\org\springframework\spring-context\6.0.4\spring-context-6.0.4.jar;D:\Env\apache-maven-3.9.1\repo\org\springframework\security\spring-security-web\6.0.1\spring-security-web-6.0.1.jar;D:\Env\apache-maven-3.9.1\repo\org\springframework\spring-expression\6.0.4\spring-expression-6.0.4.jar;D:\Env\apache-maven-3.9.1\repo\org\springframework\boot\spring-boot-starter-data-redis\3.0.2\spring-boot-starter-data-redis-3.0.2.jar;D:\Env\apache-maven-3.9.1\repo\org\springframework\data\spring-data-redis\3.0.1\spring-data-redis-3.0.1.jar;D:\Env\apache-maven-3.9.1\repo\org\springframework\data\spring-data-keyvalue\3.0.1\spring-data-keyvalue-3.0.1.jar;D:\Env\apache-maven-3.9.1\repo\org\springframework\spring-tx\6.0.4\spring-tx-6.0.4.jar;D:\Env\apache-maven-3.9.1\repo\org\springframework\spring-oxm\6.0.4\spring-oxm-6.0.4.jar;D:\Env\apache-maven-3.9.1\repo\org\springframework\spring-context-support\6.0.4\spring-context-support-6.0.4.jar;D:\Env\apache-maven-3.9.1\repo\org\slf4j\slf4j-api\2.0.6\slf4j-api-2.0.6.jar;D:\Env\apache-maven-3.9.1\repo\io\lettuce\lettuce-core\6.2.2.RELEASE\lettuce-core-6.2.2.RELEASE.jar;D:\Env\apache-maven-3.9.1\repo\io\netty\netty-common\4.1.87.Final\netty-common-4.1.87.Final.jar;D:\Env\apache-maven-3.9.1\repo\io\netty\netty-handler\4.1.87.Final\netty-handler-4.1.87.Final.jar;D:\Env\apache-maven-3.9.1\repo\io\netty\netty-resolver\4.1.87.Final\netty-resolver-4.1.87.Final.jar;D:\Env\apache-maven-3.9.1\repo\io\netty\netty-buffer\4.1.87.Final\netty-buffer-4.1.87.Final.jar;D:\Env\apache-maven-3.9.1\repo\io\netty\netty-transport-native-unix-common\4.1.87.Final\netty-transport-native-unix-common-4.1.87.Final.jar;D:\Env\apache-maven-3.9.1\repo\io\netty\netty-codec\4.1.87.Final\netty-codec-4.1.87.Final.jar;D:\Env\apache-maven-3.9.1\repo\io\netty\netty-transport\4.1.87.Final\netty-transport-4.1.87.Final.jar;D:\Env\apache-maven-3.9.1\repo\io\projectreactor\reactor-core\3.5.2\reactor-core-3.5.2.jar;D:\Env\apache-maven-3.9.1\repo\org\reactivestreams\reactive-streams\1.0.4\reactive-streams-1.0.4.jar;D:\Env\apache-maven-3.9.1\repo\org\springframework\boot\spring-boot-starter-thymeleaf\3.0.2\spring-boot-starter-thymeleaf-3.0.2.jar;D:\Env\apache-maven-3.9.1\repo\org\thymeleaf\thymeleaf-spring6\3.1.1.RELEASE\thymeleaf-spring6-3.1.1.RELEASE.jar;D:\Env\apache-maven-3.9.1\repo\org\thymeleaf\thymeleaf\3.1.1.RELEASE\thymeleaf-3.1.1.RELEASE.jar;D:\Env\apache-maven-3.9.1\repo\org\attoparser\attoparser\2.0.6.RELEASE\attoparser-2.0.6.RELEASE.jar;D:\Env\apache-maven-3.9.1\repo\org\unbescape\unbescape\1.1.6.RELEASE\unbescape-1.1.6.RELEASE.jar;D:\Env\apache-maven-3.9.1\repo\org\springframework\boot\spring-boot-starter-web\3.0.2\spring-boot-starter-web-3.0.2.jar;D:\Env\apache-maven-3.9.1\repo\org\springframework\boot\spring-boot-starter-json\3.0.2\spring-boot-starter-json-3.0.2.jar;D:\Env\apache-maven-3.9.1\repo\com\fasterxml\jackson\core\jackson-databind\2.14.1\jackson-databind-2.14.1.jar;D:\Env\apache-maven-3.9.1\repo\com\fasterxml\jackson\core\jackson-annotations\2.14.1\jackson-annotations-2.14.1.jar;D:\Env\apache-maven-3.9.1\repo\com\fasterxml\jackson\core\jackson-core\2.14.1\jackson-core-2.14.1.jar;D:\Env\apache-maven-3.9.1\repo\com\fasterxml\jackson\datatype\jackson-datatype-jdk8\2.14.1\jackson-datatype-jdk8-2.14.1.jar;D:\Env\apache-maven-3.9.1\repo\com\fasterxml\jackson\datatype\jackson-datatype-jsr310\2.14.1\jackson-datatype-jsr310-2.14.1.jar;D:\Env\apache-maven-3.9.1\repo\com\fasterxml\jackson\module\jackson-module-parameter-names\2.14.1\jackson-module-parameter-names-2.14.1.jar;D:\Env\apache-maven-3.9.1\repo\org\springframework\boot\spring-boot-starter-tomcat\3.0.2\spring-boot-starter-tomcat-3.0.2.jar;D:\Env\apache-maven-3.9.1\repo\org\apache\tomcat\embed\tomcat-embed-core\10.1.5\tomcat-embed-core-10.1.5.jar;D:\Env\apache-maven-3.9.1\repo\org\apache\tomcat\embed\tomcat-embed-el\10.1.5\tomcat-embed-el-10.1.5.jar;D:\Env\apache-maven-3.9.1\repo\org\apache\tomcat\embed\tomcat-embed-websocket\10.1.5\tomcat-embed-websocket-10.1.5.jar;D:\Env\apache-maven-3.9.1\repo\org\springframework\spring-web\6.0.4\spring-web-6.0.4.jar;D:\Env\apache-maven-3.9.1\repo\io\micrometer\micrometer-observation\1.10.3\micrometer-observation-1.10.3.jar;D:\Env\apache-maven-3.9.1\repo\io\micrometer\micrometer-commons\1.10.3\micrometer-commons-1.10.3.jar;D:\Env\apache-maven-3.9.1\repo\org\springframework\spring-webmvc\6.0.4\spring-webmvc-6.0.4.jar;D:\Env\apache-maven-3.9.1\repo\org\springframework\boot\spring-boot-starter-data-jpa\3.0.2\spring-boot-starter-data-jpa-3.0.2.jar;D:\Env\apache-maven-3.9.1\repo\org\springframework\boot\spring-boot-starter-aop\3.0.2\spring-boot-starter-aop-3.0.2.jar;D:\Env\apache-maven-3.9.1\repo\org\aspectj\aspectjweaver\1.9.19\aspectjweaver-1.9.19.jar;D:\Env\apache-maven-3.9.1\repo\org\springframework\boot\spring-boot-starter-jdbc\3.0.2\spring-boot-starter-jdbc-3.0.2.jar;D:\Env\apache-maven-3.9.1\repo\com\zaxxer\HikariCP\5.0.1\HikariCP-5.0.1.jar;D:\Env\apache-maven-3.9.1\repo\org\springframework\spring-jdbc\6.0.4\spring-jdbc-6.0.4.jar;D:\Env\apache-maven-3.9.1\repo\org\hibernate\orm\hibernate-core\6.1.6.Final\hibernate-core-6.1.6.Final.jar;D:\Env\apache-maven-3.9.1\repo\jakarta\persistence\jakarta.persistence-api\3.1.0\jakarta.persistence-api-3.1.0.jar;D:\Env\apache-maven-3.9.1\repo\jakarta\transaction\jakarta.transaction-api\2.0.1\jakarta.transaction-api-2.0.1.jar;D:\Env\apache-maven-3.9.1\repo\org\jboss\logging\jboss-logging\3.5.0.Final\jboss-logging-3.5.0.Final.jar;D:\Env\apache-maven-3.9.1\repo\org\hibernate\common\hibernate-commons-annotations\6.0.2.Final\hibernate-commons-annotations-6.0.2.Final.jar;D:\Env\apache-maven-3.9.1\repo\org\jboss\jandex\2.4.2.Final\jandex-2.4.2.Final.jar;D:\Env\apache-maven-3.9.1\repo\com\fasterxml\classmate\1.5.1\classmate-1.5.1.jar;D:\Env\apache-maven-3.9.1\repo\net\bytebuddy\byte-buddy\1.12.22\byte-buddy-1.12.22.jar;D:\Env\apache-maven-3.9.1\repo\org\glassfish\jaxb\jaxb-runtime\4.0.1\jaxb-runtime-4.0.1.jar;D:\Env\apache-maven-3.9.1\repo\org\glassfish\jaxb\jaxb-core\4.0.1\jaxb-core-4.0.1.jar;D:\Env\apache-maven-3.9.1\repo\org\eclipse\angus\angus-activation\1.0.0\angus-activation-1.0.0.jar;D:\Env\apache-maven-3.9.1\repo\org\glassfish\jaxb\txw2\4.0.1\txw2-4.0.1.jar;D:\Env\apache-maven-3.9.1\repo\com\sun\istack\istack-commons-runtime\4.1.1\istack-commons-runtime-4.1.1.jar;D:\Env\apache-maven-3.9.1\repo\jakarta\inject\jakarta.inject-api\2.0.0\jakarta.inject-api-2.0.0.jar;D:\Env\apache-maven-3.9.1\repo\org\antlr\antlr4-runtime\4.10.1\antlr4-runtime-4.10.1.jar;D:\Env\apache-maven-3.9.1\repo\org\springframework\data\spring-data-jpa\3.0.1\spring-data-jpa-3.0.1.jar;D:\Env\apache-maven-3.9.1\repo\org\springframework\data\spring-data-commons\3.0.1\spring-data-commons-3.0.1.jar;D:\Env\apache-maven-3.9.1\repo\org\springframework\spring-orm\6.0.4\spring-orm-6.0.4.jar;D:\Env\apache-maven-3.9.1\repo\org\springframework\spring-aspects\6.0.4\spring-aspects-6.0.4.jar;D:\Env\apache-maven-3.9.1\repo\com\mysql\mysql-connector-j\8.0.32\mysql-connector-j-8.0.32.jar;D:\Env\apache-maven-3.9.1\repo\org\projectlombok\lombok\1.18.24\lombok-1.18.24.jar;D:\Env\apache-maven-3.9.1\repo\org\springframework\boot\spring-boot-starter-test\3.0.2\spring-boot-starter-test-3.0.2.jar;D:\Env\apache-maven-3.9.1\repo\org\springframework\boot\spring-boot-test\3.0.2\spring-boot-test-3.0.2.jar;D:\Env\apache-maven-3.9.1\repo\org\springframework\boot\spring-boot-test-autoconfigure\3.0.2\spring-boot-test-autoconfigure-3.0.2.jar;D:\Env\apache-maven-3.9.1\repo\com\jayway\jsonpath\json-path\2.7.0\json-path-2.7.0.jar;D:\Env\apache-maven-3.9.1\repo\net\minidev\json-smart\2.4.8\json-smart-2.4.8.jar;D:\Env\apache-maven-3.9.1\repo\net\minidev\accessors-smart\2.4.8\accessors-smart-2.4.8.jar;D:\Env\apache-maven-3.9.1\repo\org\ow2\asm\asm\9.1\asm-9.1.jar;D:\Env\apache-maven-3.9.1\repo\jakarta\xml\bind\jakarta.xml.bind-api\4.0.0\jakarta.xml.bind-api-4.0.0.jar;D:\Env\apache-maven-3.9.1\repo\jakarta\activation\jakarta.activation-api\2.1.1\jakarta.activation-api-2.1.1.jar;D:\Env\apache-maven-3.9.1\repo\org\assertj\assertj-core\3.23.1\assertj-core-3.23.1.jar;D:\Env\apache-maven-3.9.1\repo\org\hamcrest\hamcrest\2.2\hamcrest-2.2.jar;D:\Env\apache-maven-3.9.1\repo\org\junit\jupiter\junit-jupiter\5.9.2\junit-jupiter-5.9.2.jar;D:\Env\apache-maven-3.9.1\repo\org\junit\jupiter\junit-jupiter-api\5.9.2\junit-jupiter-api-5.9.2.jar;D:\Env\apache-maven-3.9.1\repo\org\opentest4j\opentest4j\1.2.0\opentest4j-1.2.0.jar;D:\Env\apache-maven-3.9.1\repo\org\junit\platform\junit-platform-commons\1.9.2\junit-platform-commons-1.9.2.jar;D:\Env\apache-maven-3.9.1\repo\org\apiguardian\apiguardian-api\1.1.2\apiguardian-api-1.1.2.jar;D:\Env\apache-maven-3.9.1\repo\org\junit\jupiter\junit-jupiter-params\5.9.2\junit-jupiter-params-5.9.2.jar;D:\Env\apache-maven-3.9.1\repo\org\junit\jupiter\junit-jupiter-engine\5.9.2\junit-jupiter-engine-5.9.2.jar;D:\Env\apache-maven-3.9.1\repo\org\junit\platform\junit-platform-engine\1.9.2\junit-platform-engine-1.9.2.jar;D:\Env\apache-maven-3.9.1\repo\org\mockito\mockito-core\4.8.1\mockito-core-4.8.1.jar;D:\Env\apache-maven-3.9.1\repo\net\bytebuddy\byte-buddy-agent\1.12.22\byte-buddy-agent-1.12.22.jar;D:\Env\apache-maven-3.9.1\repo\org\objenesis\objenesis\3.2\objenesis-3.2.jar;D:\Env\apache-maven-3.9.1\repo\org\mockito\mockito-junit-jupiter\4.8.1\mockito-junit-jupiter-4.8.1.jar;D:\Env\apache-maven-3.9.1\repo\org\skyscreamer\jsonassert\1.5.1\jsonassert-1.5.1.jar;D:\Env\apache-maven-3.9.1\repo\com\vaadin\external\google\android-json\0.0.20131108.vaadin1\android-json-0.0.20131108.vaadin1.jar;D:\Env\apache-maven-3.9.1\repo\org\springframework\spring-core\6.0.4\spring-core-6.0.4.jar;D:\Env\apache-maven-3.9.1\repo\org\springframework\spring-jcl\6.0.4\spring-jcl-6.0.4.jar;D:\Env\apache-maven-3.9.1\repo\org\springframework\spring-test\6.0.4\spring-test-6.0.4.jar;D:\Env\apache-maven-3.9.1\repo\org\xmlunit\xmlunit-core\2.9.1\xmlunit-core-2.9.1.jar;"/>
    <property name="sun.cpu.endian" value="little"/>
    <property name="user.home" value="C:\Users\northboat"/>
    <property name="user.language" value="zh"/>
    <property name="java.specification.vendor" value="Oracle Corporation"/>
    <property name="java.version.date" value="2023-04-18"/>
    <property name="java.home" value="D:\Env\java\jdk17"/>
    <property name="file.separator" value="\"/>
    <property name="basedir" value="E:\File\XDU\项目\认证\Auth-Sim-Platform"/>
    <property name="java.vm.compressedOopsMode" value="Zero based"/>
    <property name="line.separator" value="&#10;"/>
    <property name="java.vm.specification.vendor" value="Oracle Corporation"/>
    <property name="java.specification.name" value="Java Platform API Specification"/>
    <property name="FILE_LOG_CHARSET" value="GBK"/>
    <property name="java.awt.headless" value="true"/>
    <property name="surefire.real.class.path" value="C:\Users\northboat\AppData\Local\Temp\surefire12191101775223931837\surefirebooter-20241115222808468_3.jar"/>
    <property name="user.script" value=""/>
    <property name="sun.management.compiler" value="HotSpot 64-Bit Tiered Compilers"/>
    <property name="java.runtime.version" value="17.0.7+8-LTS-224"/>
    <property name="user.name" value="northboat"/>
    <property name="path.separator" value=";"/>
    <property name="os.version" value="10.0"/>
    <property name="java.runtime.name" value="Java(TM) SE Runtime Environment"/>
    <property name="file.encoding" value="GBK"/>
    <property name="java.vm.name" value="Java HotSpot(TM) 64-Bit Server VM"/>
    <property name="localRepository" value="D:\Env\apache-maven-3.9.1\repo"/>
    <property name="java.vendor.url.bug" value="https://bugreport.java.com/bugreport/"/>
    <property name="java.io.tmpdir" value="C:\Users\NORTHB~1\AppData\Local\Temp\"/>
    <property name="idea.version" value="2022.3.3"/>
    <property name="com.zaxxer.hikari.pool_number" value="1"/>
    <property name="java.version" value="17.0.7"/>
    <property name="user.dir" value="E:\File\XDU\项目\认证\Auth-Sim-Platform"/>
    <property name="os.arch" value="amd64"/>
    <property name="java.vm.specification.name" value="Java Virtual Machine Specification"/>
    <property name="PID" value="20984"/>
    <property name="sun.os.patch.level" value=""/>
    <property name="CONSOLE_LOG_CHARSET" value="GBK"/>
    <property name="native.encoding" value="GBK"/>
    <property name="java.library.path" value="D:\Env\java\jdk17\bin;C:\WINDOWS\Sun\Java\bin;C:\WINDOWS\system32;C:\WINDOWS;D:\Env\Anaconda\condabin;C:\Program Files (x86)\Common Files\Oracle\Java\java8path;C:\Program Files (x86)\Common Files\Oracle\Java\javapath;D:\Dev\VMware\VMware Workstation\bin\;C:\WINDOWS\system32;C:\WINDOWS;C:\WINDOWS\System32\Wbem;C:\WINDOWS\System32\WindowsPowerShell\v1.0\;C:\WINDOWS\System32\OpenSSH\;D:\Software\Bandizip\;D:\Dev\Git\cmd;D:\Env\Anaconda;D:\Env\Anaconda\Scripts;D:\Env\Anaconda\Library\bin;D:\Env\Anaconda\Library\mingw-w64\bin;C:\Program Files\PuTTY\;D:\Env\Go\bin;C:\Program Files\NVIDIA Corporation\NVIDIA NvDLISR;C:\Program Files (x86)\NVIDIA Corporation\PhysX\Common;C:\Program Files\Docker\Docker\resources\bin;D:\Env\java\jdk1.8\jdk8\bin;C:\Program Files\nodejs\;C:\Users\northboat\AppData\Local\Microsoft\WindowsApps;;D:\Dev\Microsoft VS Code\bin;D:\Dev\PyCharm 2023.1\bin;;C:\Users\northboat\go\bin;C:\Users\northboat\AppData\Roaming\npm;."/>
    <property name="java.vm.info" value="mixed mode, sharing"/>
    <property name="java.vendor" value="Oracle Corporation"/>
    <property name="java.vm.version" value="17.0.7+8-LTS-224"/>
    <property name="sun.io.unicode.encoding" value="UnicodeLittle"/>
    <property name="maven.repo.local" value="D:\Env\apache-maven-3.9.1\repo"/>
    <property name="java.class.version" value="61.0"/>
  </properties>
  <testcase name="contextLoads" classname="cia.northboat.auth.AuthApplicationTests" time="0.152">
    <system-out><![CDATA[22:28:09.180 [main] DEBUG org.springframework.boot.test.context.SpringBootTestContextBootstrapper - Neither @ContextConfiguration nor @ContextHierarchy found for test class [AuthApplicationTests]: using SpringBootContextLoader
22:28:09.184 [main] DEBUG org.springframework.test.context.support.AbstractContextLoader - Could not detect default resource locations for test class [cia.northboat.auth.AuthApplicationTests]: no resource found for suffixes {-context.xml, Context.groovy}.
22:28:09.184 [main] INFO org.springframework.test.context.support.AnnotationConfigContextLoaderUtils - Could not detect default configuration classes for test class [cia.northboat.auth.AuthApplicationTests]: AuthApplicationTests does not declare any static, non-private, non-final, nested classes annotated with @Configuration.
22:28:09.208 [main] DEBUG org.springframework.boot.test.context.SpringBootTestContextBootstrapper - Using ContextCustomizers for test class [AuthApplicationTests]: [ExcludeFilterContextCustomizer, DuplicateJsonObjectContextCustomizer, MockitoContextCustomizer, TestRestTemplateContextCustomizer, DisableObservabilityContextCustomizer, PropertyMappingContextCustomizer, Customizer]
22:28:09.270 [main] DEBUG org.springframework.context.annotation.ClassPathScanningCandidateComponentProvider - Identified candidate component class: file [E:\File\XDU\项目\认证\Auth-Sim-Platform\target\classes\cia\northboat\auth\AuthApplication.class]
22:28:09.273 [main] INFO org.springframework.boot.test.context.SpringBootTestContextBootstrapper - Found @SpringBootConfiguration cia.northboat.auth.AuthApplication for test class cia.northboat.auth.AuthApplicationTests
22:28:09.374 [main] DEBUG org.springframework.boot.test.context.SpringBootTestContextBootstrapper - Using TestExecutionListeners for test class [AuthApplicationTests]: [ServletTestExecutionListener, DirtiesContextBeforeModesTestExecutionListener, ApplicationEventsTestExecutionListener, MockitoTestExecutionListener, DependencyInjectionTestExecutionListener, DirtiesContextTestExecutionListener, TransactionalTestExecutionListener, SqlScriptsTestExecutionListener, EventPublishingTestExecutionListener, ResetMocksTestExecutionListener, RestDocsTestExecutionListener, MockRestServiceServerResetTestExecutionListener, MockMvcPrintOnlyOnFailureTestExecutionListener, WebDriverTestExecutionListener, MockWebServiceServerTestExecutionListener]
22:28:09.376 [main] DEBUG org.springframework.test.context.support.AbstractDirtiesContextTestExecutionListener - Before test class: class [AuthApplicationTests], class annotated with @DirtiesContext [false] with mode [null]

  .   ____          _            __ _ _
 /\\ / ___'_ __ _ _(_)_ __  __ _ \ \ \ \
( ( )\___ | '_ | '_| | '_ \/ _` | \ \ \ \
 \\/  ___)| |_)| | | | | || (_| |  ) ) ) )
  '  |____| .__|_| |_|_| |_\__, | / / / /
 =========|_|==============|___/=/_/_/_/
 :: Spring Boot ::                (v3.0.2)

2024-11-15T22:28:09.757+08:00  INFO 20984 --- [           main] c.northboat.auth.AuthApplicationTests    : Starting AuthApplicationTests using Java 17.0.7 with PID 20984 (started by northboat in E:\File\XDU\项目\认证\Auth-Sim-Platform)
2024-11-15T22:28:09.758+08:00  INFO 20984 --- [           main] c.northboat.auth.AuthApplicationTests    : No active profile set, falling back to 1 default profile: "default"
2024-11-15T22:28:10.421+08:00  INFO 20984 --- [           main] .s.d.r.c.RepositoryConfigurationDelegate : Multiple Spring Data modules found, entering strict repository configuration mode
2024-11-15T22:28:10.423+08:00  INFO 20984 --- [           main] .s.d.r.c.RepositoryConfigurationDelegate : Bootstrapping Spring Data JPA repositories in DEFAULT mode.
2024-11-15T22:28:10.553+08:00  INFO 20984 --- [           main] .s.d.r.c.RepositoryConfigurationDelegate : Finished Spring Data repository scanning in 123 ms. Found 1 JPA repository interfaces.
2024-11-15T22:28:10.571+08:00  INFO 20984 --- [           main] .s.d.r.c.RepositoryConfigurationDelegate : Multiple Spring Data modules found, entering strict repository configuration mode
2024-11-15T22:28:10.573+08:00  INFO 20984 --- [           main] .s.d.r.c.RepositoryConfigurationDelegate : Bootstrapping Spring Data Redis repositories in DEFAULT mode.
2024-11-15T22:28:10.588+08:00  INFO 20984 --- [           main] .RepositoryConfigurationExtensionSupport : Spring Data Redis - Could not safely identify store assignment for repository candidate interface cia.northboat.auth.dao.UserRepository; If you want this repository to be a Redis repository, consider annotating your entities with one of these annotations: org.springframework.data.redis.core.RedisHash (preferred), or consider extending one of the following types with your repository: org.springframework.data.keyvalue.repository.KeyValueRepository
2024-11-15T22:28:10.589+08:00  INFO 20984 --- [           main] .s.d.r.c.RepositoryConfigurationDelegate : Finished Spring Data repository scanning in 5 ms. Found 0 Redis repository interfaces.
2024-11-15T22:28:11.103+08:00  INFO 20984 --- [           main] o.hibernate.jpa.internal.util.LogHelper  : HHH000204: Processing PersistenceUnitInfo [name: default]
2024-11-15T22:28:11.161+08:00  INFO 20984 --- [           main] org.hibernate.Version                    : HHH000412: Hibernate ORM core version 6.1.6.Final
2024-11-15T22:28:11.309+08:00  WARN 20984 --- [           main] org.hibernate.orm.deprecation            : HHH90000021: Encountered deprecated setting [javax.persistence.sharedCache.mode], use [jakarta.persistence.sharedCache.mode] instead
2024-11-15T22:28:11.526+08:00  INFO 20984 --- [           main] com.zaxxer.hikari.HikariDataSource       : HikariPool-1 - Starting...
2024-11-15T22:28:11.846+08:00  INFO 20984 --- [           main] com.zaxxer.hikari.pool.HikariPool        : HikariPool-1 - Added connection com.mysql.cj.jdbc.ConnectionImpl@4809c771
2024-11-15T22:28:11.848+08:00  INFO 20984 --- [           main] com.zaxxer.hikari.HikariDataSource       : HikariPool-1 - Start completed.
2024-11-15T22:28:11.866+08:00  INFO 20984 --- [           main] SQL dialect                              : HHH000400: Using dialect: org.hibernate.dialect.MySQL8Dialect
2024-11-15T22:28:11.866+08:00  WARN 20984 --- [           main] org.hibernate.orm.deprecation            : HHH90000026: MySQL8Dialect has been deprecated; use org.hibernate.dialect.MySQLDialect instead
2024-11-15T22:28:12.539+08:00  INFO 20984 --- [           main] o.h.e.t.j.p.i.JtaPlatformInitiator       : HHH000490: Using JtaPlatform implementation: [org.hibernate.engine.transaction.jta.platform.internal.NoJtaPlatform]
2024-11-15T22:28:12.548+08:00  INFO 20984 --- [           main] j.LocalContainerEntityManagerFactoryBean : Initialized JPA EntityManagerFactory for persistence unit 'default'
2024-11-15T22:28:12.779+08:00  WARN 20984 --- [           main] ocalVariableTableParameterNameDiscoverer : Using deprecated '-debug' fallback for parameter name resolution. Compile the affected code with '-parameters' instead or avoid its introspection: cia.northboat.auth.dao.UserRepository
2024-11-15T22:28:12.904+08:00  WARN 20984 --- [           main] JpaBaseConfiguration$JpaWebConfiguration : spring.jpa.open-in-view is enabled by default. Therefore, database queries may be performed during view rendering. Explicitly configure spring.jpa.open-in-view to disable this warning
2024-11-15T22:28:13.011+08:00  INFO 20984 --- [           main] o.s.b.a.w.s.WelcomePageHandlerMapping    : Adding welcome page template: index
2024-11-15T22:28:13.242+08:00  INFO 20984 --- [           main] o.s.s.web.DefaultSecurityFilterChain     : Will secure any request with [org.springframework.security.web.session.DisableEncodeUrlFilter@601e7c97, org.springframework.security.web.context.request.async.WebAsyncManagerIntegrationFilter@c8ed958, org.springframework.security.web.context.SecurityContextHolderFilter@225fb75e, org.springframework.security.web.header.HeaderWriterFilter@d863bb, org.springframework.security.web.csrf.CsrfFilter@22ba30b0, org.springframework.security.web.authentication.logout.LogoutFilter@2446be5f, org.springframework.security.web.authentication.UsernamePasswordAuthenticationFilter@32d8e58d, org.springframework.security.web.savedrequest.RequestCacheAwareFilter@4936fbc6, org.springframework.security.web.servletapi.SecurityContextHolderAwareRequestFilter@5fe4848, org.springframework.security.web.authentication.AnonymousAuthenticationFilter@18d09283, org.springframework.security.web.access.ExceptionTranslationFilter@62ba3045, org.springframework.security.web.access.intercept.AuthorizationFilter@1f7b1d6a]
2024-11-15T22:28:13.830+08:00  INFO 20984 --- [           main] c.northboat.auth.AuthApplicationTests    : Started AuthApplicationTests in 4.414 seconds (process running for 5.261)
]]></system-out>
  </testcase>
</testsuite>